
#+begin_src input
{
  "body": [
    null,
    {
      "expression": {
        "arguments": [
          null,
          {
            "body": {
              "body": [
                null,
                null,
                null,
                null,
                null,
                null,
                null,
                null,
                null,
                null,
                null,
                null,
                null,
                null,
                null,
                null,
                null,
                null,
                null,
                null,
                null,
                null,
                null,
                null,
                null,
                null,
                null,
                null,
                null,
                null,
                null,
                null,
                null,
                null,
                null,
                null,
                null,
                null,
                null,
                null,
                null,
                {
                  "expression": {
                    "left": {
                      "object": {
                        "type": "MemberExpression"
                      },
                      "property": {
                        "name": "table",
                        "type": "Identifier"
                      }
                    }
                  }
                }
              ]
            }
          }
        ]
      }
    }
  ]
}

#+end_src
#+begin_src output mixtral
 Result: This code snippet appears to be an abstract syntax tree (AST) generated from a JavaScript source code, possibly by a tool like Babel. An AST is a tree representation of the abstract syntactic structure of source code written in a programming language. Each node in the tree denotes a construct occurring in the source code.

In this specific AST, the top-level object has a property called "body" which contains an array of expressions and statements. The first element is null, while the second element is an object with an expression property that takes an array as its value. This array contains multiple null elements interspersed with another object at the 45th index.

The object at the 45th index has an "expression" property that contains a MemberExpression. The "object" property of this MemberExpression appears to be a placeholder for an object reference, while its "property" property is set to the identifier "table". This expression suggests that there may be an object referenced earlier in the code with a property called "table", and the generator is trying to access it.

Overall, this AST represents a structure of JavaScript code, but without additional context or information about the surrounding code, it's difficult to provide a more detailed explanation of its purpose or functionality. Some key concepts related to this AST include:

* Abstract Syntax Tree (AST): a tree representation of the syntactic structure of source code
* Expressions and statements: constructs in programming languages that represent values or actions
* MemberExpression: an expression that accesses a property on an object
* Identifier: a name given to a variable, function, or property in JavaScript.
#+end_src
