
#+begin_src input
{
  "body": [
    null,
    {
      "expression": {
        "arguments": [
          null,
          {
            "body": {
              "body": [
                null,
                null,
                {
                  "body": {
                    "body": [
                      {
                        "body": [
                          null,
                          null,
                          {
                            "body": [
                              null,
                              null,
                              null,
                              {
                                "body": {
                                  "body": {
                                    "body": [
                                      null,
                                      null,
                                      null,
                                      null,
                                      null,
                                      null,
                                      {
                                        "body": {
                                          "body": [
                                            {
                                              "declarations": [
                                                {
                                                  "init": {
                                                    "callee": {
                                                      "object": {
                                                        "callee": {
                                                          "type": "MemberExpression"
                                                        },
                                                        "type": "CallExpression"
                                                      },
                                                      "property": {
                                                        "name": "shift",
                                                        "type": "Identifier"
                                                      }
                                                    }
                                                  }
                                                }
                                              ]
                                            }
                                          ]
                                        }
                                      }
                                    ]
                                  }
                                }
                              }
                            ]
                          }
                        ]
                      }
                    ]
                  }
                }
              ]
            }
          }
        ]
      }
    }
  ]
}

#+end_src
#+begin_src output mixtral
 Result: This code snippet appears to be an abstract syntax tree (AST) generated by some JavaScript parser, such as Babel or Acorn. An AST is a tree representation of the abstract syntactic structure of source code written in a programming language. Each node in the tree denotes a construct occurring in the source code.

In this case, the AST represents an expression that appears to be creating and modifying an array using the `Array.prototype.shift()` method. Here's a breakdown of the key concepts and components of the code:

* The top-level object contains a "body" property with an array of two elements. The first element is null, indicating that there is no expression at the root level. The second element contains an object representing an expression.
* The expression's "expression" property contains an object with an "arguments" property, which represents the arguments passed to a function call or method invocation. In this case, the argument list contains two elements: null (indicating no value) and another object that represents the body of a function.
* The function body contains a series of statements, represented as an array of objects in the "body" property. Most of these statements are null, indicating empty or unused code paths. However, there is one significant statement at index 5:
	+ This statement creates and initializes an array using the array literal syntax `[...]`. The array contains six elements, represented by six null values in the AST.
* After creating the array, the code invokes the `Array.prototype.shift()` method on the array, which removes and returns the first element of the array. This is indicated by the "callee" property of the expression, which contains another object representing a member expression that accesses the `shift` property of the `Array.prototype` object.
* The returned value from the `shift()` method is then assigned to a variable using the `=` operator, as indicated by the "init" property of the declaration. However, the variable name is not specified in this AST snippet.

Overall, this AST snippet represents an expression that creates and modifies an array using the `Array.prototype.shift()` method to remove its first element.
#+end_src
