
#+begin_src input
{
  "body": [
    null,
    {
      "expression": {
        "arguments": [
          null,
          {
            "body": {
              "body": [
                null,
                null,
                null,
                null,
                null,
                null,
                null,
                null,
                null,
                null,
                null,
                null,
                null,
                null,
                null,
                null,
                null,
                null,
                {
                  "body": {
                    "body": [
                      null,
                      null,
                      {
                        "consequent": {
                          "test": {
                            "expressions": [
                              {
                                "arguments": [
                                  {
                                    "body": {
                                      "body": [
                                        {
                                          "expression": {
                                            "left": {
                                              "left": {
                                                "type": "MemberExpression"
                                              },
                                              "operator": "&&",
                                              "right": {
                                                "left": {
                                                  "computed": true,
                                                  "object": {
                                                    "computed": true,
                                                    "object": {
                                                      "name": "a",
                                                      "type": "Identifier"
                                                    },
                                                    "property": {
                                                      "left": {
                                                        "name": "b",
                                                        "type": "Identifier"
                                                      },
                                                      "operator": "+",
                                                      "right": {
                                                        "computed": true,
                                                        "object": {
                                                          "name": "e",
                                                          "type": "Identifier"
                                                        },
                                                        "property": {
                                                          "raw": "0",
                                                          "type": "Literal",
                                                          "value": 0
                                                        }
                                                      }
                                                    }
                                                  }
                                                }
                                              }
                                            }
                                          }
                                        }
                                      ]
                                    }
                                  }
                                ]
                              }
                            ]
                          }
                        }
                      }
                    ]
                  }
                }
              ]
            }
          }
        ]
      }
    }
  ]
}

#+end_src
#+begin_src output mixtral
 Result: This code snippet appears to be an Abstract Syntax Tree (AST) generated from JavaScript source code, representing a nested series of conditional statements (if-statements). The AST is in JSON format and describes the structure of the source code in terms of nodes, where each node represents a specific language construct such as expressions, statements, or keywords.

The key concepts and elements in this code are:

1. AST Structure: The entire code consists of an array with one object that contains a "body" property. This property holds another array of objects, each representing a statement or expression. Some nodes have a null value, indicating that they are empty or not used.
2. Conditional Statements (if-statements): Several if-statements are nested within other if-statements, forming conditional blocks of code. These statements use the "expression" property to evaluate conditions and execute their respective code blocks based on the evaluation result.
3. Logical Operators: The AST includes logical operators such as `&&` (logical AND) in MemberExpression nodes. These operators allow combining multiple expressions to create more complex conditions for if-statements.
4. Identifiers and Literals: Nodes contain identifiers, which represent variables or properties in the source code. In this example, you can find identifiers such as "a", "b", "e". Additionally, literals are also present, representing constant values like the numeric literal 0.
5. Member Expression: The AST includes a MemberExpression node, which refers to an object's property using dot notation or bracket notation. This specific member expression checks if property 'b' of object 'a' is greater than property '0' of object 'e'.

Overall, this AST represents a series of nested conditional statements that evaluate various conditions and execute corresponding code blocks based on the evaluation results. The key concepts include AST structure, if-statements, logical operators, identifiers, literals, and member expressions.
#+end_src
