
#+begin_src input
{
  "body": [
    null,
    {
      "expression": {
        "arguments": [
          null,
          {
            "body": {
              "body": [
                null,
                null,
                null,
                null,
                null,
                null,
                null,
                null,
                null,
                null,
                null,
                null,
                null,
                null,
                null,
                null,
                null,
                null,
                null,
                null,
                null,
                null,
                null,
                null,
                null,
                null,
                null,
                null,
                {
                  "body": {
                    "body": [
                      null,
                      null,
                      {
                        "expression": {
                          "arguments": [
                            {
                              "body": {
                                "body": [
                                  {
                                    "alternate": {
                                      "expression": {
                                        "expressions": [
                                          {
                                            "right": {
                                              "callee": {
                                                "type": "MemberExpression"
                                              },
                                              "type": "CallExpression"
                                            },
                                            "type": "AssignmentExpression"
                                          },
                                          {
                                            "left": {
                                              "name": "calculatedStairOffsets",
                                              "type": "Identifier"
                                            },
                                            "operator": "=",
                                            "right": {
                                              "arguments": [
                                                {
                                                  "computed": false,
                                                  "object": {
                                                    "name": "stairObject",
                                                    "type": "Identifier"
                                                  },
                                                  "property": {
                                                    "name": "col",
                                                    "type": "Identifier"
                                                  }
                                                }
                                              ]
                                            }
                                          }
                                        ]
                                      }
                                    }
                                  }
                                ]
                              }
                            }
                          ]
                        }
                      }
                    ]
                  }
                }
              ]
            }
          }
        ]
      }
    }
  ]
}

#+end_src
#+begin_src output mixtral
 Result: This code snippet appears to be an Abstract Syntax Tree (AST) generated from a JavaScript source file using a tool such as Babel. It represents the structure of a JavaScript function, with various nodes corresponding to different elements of the code, such as expressions, statements, and blocks of code.

Here's an explanation of the key concepts and the code itself:

* The top-level element in this AST is an object with a "body" property, which contains an array of statement objects representing the function body.
* Each statement object can represent different kinds of statements, such as expressions, blocks, or control flow statements like if/else or loops.
* In this case, the first statement is null, which indicates that there's an empty or missing statement in that position.
* The second statement is an object with a "expression" property, representing an expression statement. The expression itself is a function call, represented by a CallExpression node.
* The CallExpression has two properties: "callee", which represents the target of the function call (in this case, another identifier), and "arguments", which contains an array of argument expressions passed to the function.
* The "callee" property is a MemberExpression, representing a chained property access on an object or variable. In this case, it seems to refer to a property named "stairObject", followed by a call to its "col" property.
* The "arguments" array contains only one argument, represented by another object with a "body" property. This indicates that the argument is a function expression.
* The function body contains an array of statement objects, representing various statements within the function. In this case, there are multiple null values in the array, indicating empty or missing statements.
* Towards the end of the function body, there's another object with a "body" property, representing another expression statement. This time, the expression is an AssignmentExpression node.
* The left side of the assignment expression is an Identifier node representing the variable name "calculatedStairOffsets".
* The right side of the assignment expression is another CallExpression node, representing a function call to a function that doesn't seem to be defined in this AST snippet.
* The Callee property of this CallExpression is an ObjectExpression node, which contains multiple properties within curly braces. However, it seems that only one property is defined here: "col", with the value being another Identifier node representing "stairObject".

Overall, this AST snippet represents a function containing various statements, including function calls and assignments. The code seems to be performing some calculation related to a "stairObject" variable and its "col" property, storing the result in a "calculatedStairOffsets" variable. However, without additional context or information about the surrounding code, it's difficult to provide a more detailed explanation of its purpose.
#+end_src
