
#+begin_src input
{
  "body": [
    null,
    {
      "expression": {
        "arguments": [
          null,
          {
            "body": {
              "body": [
                null,
                null,
                null,
                null,
                null,
                null,
                null,
                null,
                null,
                null,
                null,
                null,
                null,
                null,
                null,
                null,
                null,
                {
                  "body": {
                    "body": [
                      {
                        "declarations": [
                          {
                            "init": {
                              "type": "MemberExpression"
                            },
                            "type": "VariableDeclarator"
                          },
                          {
                            "id": {
                              "name": "f",
                              "type": "Identifier"
                            },
                            "init": {
                              "elements": [],
                              "type": "ArrayExpression"
                            },
                            "type": "VariableDeclarator"
                          },
                          {
                            "id": {
                              "name": "d",
                              "type": "Identifier"
                            },
                            "init": null,
                            "type": "VariableDeclarator"
                          }
                        ],
                        "kind": "let",
                        "type": "VariableDeclaration"
                      },
                      {
                        "body": {
                          "body": [
                            {
                              "declarations": [
                                {
                                  "id": {
                                    "name": "g",
                                    "type": "Identifier"
                                  },
                                  "init": {
                                    "left": {
                                      "left": {
                                        "raw": "2",
                                        "type": "Literal",
                                        "value": 2
                                      },
                                      "operator": "*",
                                      "right": {
                                        "name": "d",
                                        "type": "Identifier"
                                      },
                                      "type": "BinaryExpression"
                                    },
                                    "operator": "+",
                                    "right": {
                                      "raw": "1",
                                      "type": "Literal",
                                      "value": 1
                                    },
                                    "type": "BinaryExpression"
                                  },
                                  "type": "VariableDeclarator"
                                },
                                {
                                  "id": {
                                    "name": "c",
                                    "type": "Identifier"
                                  },
                                  "init": null,
                                  "type": "VariableDeclarator"
                                }
                              ],
                              "kind": "let",
                              "type": "VariableDeclaration"
                            },
                            {
                              "body": {
                                "body": [
                                  {
                                    "declarations": [
                                      {
                                        "id": {
                                          "name": "e",
                                          "type": "Identifier"
                                        },
                                        "init": {
                                          "left": {
                                            "left": {
                                              "raw": "2",
                                              "type": "Literal",
                                              "value": 2
                                            },
                                            "operator": "*",
                                            "right": {
                                              "name": "c",
                                              "type": "Identifier"
                                            },
                                            "type": "BinaryExpression"
                                          },
                                          "operator": "+",
                                          "right": {
                                            "raw": "1",
                                            "type": "Literal",
                                            "value": 1
                                          },
                                          "type": "BinaryExpression"
                                        },
                                        "type": "VariableDeclarator"
                                      }
                                    ],
                                    "kind": "let",
                                    "type": "VariableDeclaration"
                                  },
                                  {
                                    "expression": {
                                      "left": {
                                        "left": {
                                          "raw": "4",
                                          "type": "Literal",
                                          "value": 4
                                        },
                                        "operator": "==",
                                        "right": {
                                          "computed": true,
                                          "object": {
                                            "computed": true,
                                            "object": {
                                              "computed": false,
                                              "object": {
                                                "name": "a",
                                                "type": "Identifier"
                                              },
                                              "property": {
                                                "name": "cell",
                                                "type": "Identifier"
                                              }
                                            }
                                          }
                                        }
                                      }
                                    }
                                  }
                                ]
                              }
                            }
                          ]
                        }
                      }
                    ]
                  }
                }
              ]
            }
          }
        ]
      }
    }
  ]
}

#+end_src
#+begin_src output mixtral
 Result: This code snippet is written in JavaScript and appears to be a part of a larger program, possibly a script for generating dungeons. I will attempt to explain the key concepts and important parts of this code:

1. **Variable Declarations**: The code contains multiple variable declarations using `let`. These declare variables `f`, `d`, `g`, `c`, and `e`.
2. **Arithmetic Expressions**: There are several arithmetic expressions, such as `2 * d + 1` and `2 * c + 1`, which calculate new values based on the previously declared variables.
3. **Conditional Expression**: An if-like conditional expression is present: `4 == a.cell`. This checks whether the value of the property "cell" of an object `a` is equal to 4.
4. **Nested Structure**: The code has a nested structure, with different levels of indentation showing the hierarchical relationship between various expressions and statements.
5. **Scope**: Variables declared within a block (denoted by curly braces `{}`) are scoped to that block. For example, variables `g`, `c` and the conditional expression are only accessible within their respective blocks.
6. **Ast (Abstract Syntax Tree)**: The code is written in an Abstract Syntax Tree format, which represents the structure of JavaScript source code as a tree. Each node in this tree has a 'type' that identifies what kind of syntax element it represents (e.g., Literal, Identifier, VariableDeclarator, BinaryExpression).

In summary, the given code snippet is written in JavaScript and represents an Abstract Syntax Tree format. It declares variables, calculates arithmetic expressions, and uses a conditional expression to check for a certain condition.
#+end_src
