
#+begin_src input
{
  "body": [
    null,
    {
      "expression": {
        "arguments": [
          null,
          {
            "body": {
              "body": [
                null,
                null,
                null,
                null,
                null,
                null,
                null,
                null,
                null,
                null,
                null,
                null,
                null,
                null,
                null,
                null,
                null,
                null,
                null,
                null,
                null,
                null,
                null,
                null,
                null,
                null,
                null,
                null,
                null,
                null,
                null,
                null,
                null,
                null,
                null,
                {
                  "expression": {
                    "arguments": [
                      null,
                      {
                        "body": {
                          "body": [
                            {
                              "expression": {
                                "arguments": [
                                  {
                                    "body": {
                                      "body": [
                                        {
                                          "expression": {
                                            "arguments": [
                                              {
                                                "body": {
                                                  "body": [
                                                    {
                                                      "declarations": [
                                                        {
                                                          "init": {
                                                            "type": "MemberExpression"
                                                          },
                                                          "type": "VariableDeclarator"
                                                        }
                                                      ],
                                                      "kind": "let",
                                                      "type": "VariableDeclaration"
                                                    },
                                                    {
                                                      "declarations": [
                                                        {
                                                          "id": {
                                                            "name": "d",
                                                            "type": "Identifier"
                                                          },
                                                          "init": {
                                                            "arguments": [
                                                              {
                                                                "name": "a",
                                                                "type": "Identifier"
                                                              }
                                                            ],
                                                            "callee": {
                                                              "name": "$",
                                                              "type": "Identifier"
                                                            },
                                                            "type": "CallExpression"
                                                          },
                                                          "type": "VariableDeclarator"
                                                        },
                                                        {
                                                          "id": {
                                                            "name": "g",
                                                            "type": "Identifier"
                                                          },
                                                          "init": {
                                                            "computed": false,
                                                            "object": {
                                                              "name": "d",
                                                              "type": "Identifier"
                                                            },
                                                            "property": {
                                                              "name": "insert",
                                                              "type": "Identifier"
                                                            }
                                                          }
                                                        }
                                                      ]
                                                    }
                                                  ]
                                                }
                                              }
                                            ]
                                          }
                                        }
                                      ]
                                    }
                                  }
                                ]
                              }
                            }
                          ]
                        }
                      }
                    ]
                  }
                }
              ]
            }
          }
        ]
      }
    }
  ]
}

#+end_src
#+begin_src output mixtral
 Result: This code snippet appears to be an abstract syntax tree (AST) generated from JavaScript source code. The AST represents the structure of the code in a way that is easier for programs to manipulate and understand than raw text. Here's an explanation of the key concepts and the code itself:

1. **Abstract Syntax Tree (AST):** An AST is a tree-like representation of the source code, where each node represents a construct in the code, such as expressions, statements, or declarations. In this example, we see a complex AST with many nested nodes.
2. **Code Structure:** The outermost structure of this AST is an array containing one object with two properties: "type" and "body". Since the value for "type" is null, we can focus on the "body" property, which contains another array of objects representing statements or expressions in the code.
3. **Variable Declarations:** The code includes several variable declarations using the 'let' keyword (e.g., `let a = ...`). Variable declarations are represented as nodes with type "VariableDeclaration", containing an array of "VariableDeclarator" nodes, each with an "id" (variable name) and "init" (initial value).
4. **Function Call:** In the code, there is a function call to '$' (possibly a custom or external library function), which takes 'a' as an argument. The function call is represented by a node of type "CallExpression", with "callee" being the identifier for the '$' function and "arguments" being an array containing the identifier 'a'.
5. **Object Property Access:** There are instances where object property access occurs, such as `d.insert`. This is represented by a node of type "MemberExpression", where "object" is the identifier 'd', and "property" is the identifier 'insert'.
6. **Nested Blocks:** The code contains nested blocks (e.g., `if` statements or loops) that are not explicitly visible in this AST but are represented by the structure of the tree. Nodes representing these blocks would typically have a "body" property containing an array of child nodes for each statement within the block.

Unfortunately, without more context about the original source code and its purpose, it's difficult to provide a more specific explanation. However, this AST seems to include variable declarations, a function call, and object property access, all nested within each other.
#+end_src
