
#+begin_src input
{
  "body": [
    null,
    {
      "expression": {
        "arguments": [
          null,
          {
            "body": {
              "body": [
                null,
                null,
                {
                  "body": {
                    "body": [
                      {
                        "body": [
                          null,
                          null,
                          null,
                          null,
                          null,
                          {
                            "consequent": {
                              "body": [
                                {
                                  "body": [
                                    null,
                                    null,
                                    {
                                      "consequent": {
                                        "body": [
                                          null,
                                          {
                                            "consequent": {
                                              "body": [
                                                null,
                                                null,
                                                {
                                                  "expression": {
                                                    "left": {
                                                      "type": "MemberExpression"
                                                    },
                                                    "operator": "=",
                                                    "right": {
                                                      "name": "z",
                                                      "type": "Identifier"
                                                    },
                                                    "type": "AssignmentExpression"
                                                  },
                                                  "type": "ExpressionStatement"
                                                }
                                              ],
                                              "type": "BlockStatement"
                                            },
                                            "test": {
                                              "left": {
                                                "raw": "0",
                                                "type": "Literal",
                                                "value": 0
                                              },
                                              "operator": "!=",
                                              "right": {
                                                "name": "t",
                                                "type": "Identifier"
                                              },
                                              "type": "BinaryExpression"
                                            },
                                            "type": "IfStatement"
                                          }
                                        ],
                                        "type": "BlockStatement"
                                      },
                                      "test": {
                                        "computed": false,
                                        "object": {
                                          "name": "B",
                                          "type": "Identifier"
                                        },
                                        "property": {
                                          "name": "length",
                                          "type": "Identifier"
                                        }
                                      }
                                    }
                                  ]
                                }
                              ]
                            }
                          }
                        ]
                      }
                    ]
                  }
                }
              ]
            }
          }
        ]
      }
    }
  ]
}

#+end_src
#+begin_src output mixtral
 Result: This code snippet is an abstract syntax tree (AST) generated from a JavaScript source code, which represents the structure of the code in a hierarchical format. The AST is typically used by tools to analyze or transform the code without actually running it. In this particular example, the AST represents part of a function that generates a dungeon layout.

Let's break down the key concepts and explain the code:

* The outermost element in the AST is an object with a "body" property, which contains an array of statements. There are two elements in this array - one is null (which can be ignored), and the other represents an expression statement that initializes a variable using an object initializer.
* The second element in the "body" array is an expression statement that uses an object initializer to create a new object with several properties. Let's call this object "obj".
* The first property of "obj" is null and can be ignored.
* The second property of "obj" is another expression statement that creates an array using an array literal. This array contains two elements - the first one is null (which can be ignored), and the second one is an object with several properties. Let's call this object "arrObj".
* The third property of "obj" is also an expression statement that creates an array using an array literal. This array has only one element, which is a block statement containing multiple statements. Let's call this array "stmtArr".
* The first statement in stmtArr is null and can be ignored.
* The second statement in stmtArr is also null and can be ignored.
* The third statement in stmtArr is an expression statement that creates an object using an object initializer. This object has several properties, including a property named "x" with a value of 0.
* The fourth statement in stmtArr is an expression statement that creates an object using an object initializer. This object has several properties, including a property named "y" with a value of 0.
* The fifth statement in stmtArr is an expression statement that assigns the value of variable "z" to a property of another object. Let's call this object "outerObj".
* The sixth statement in stmtArr is an if statement that checks whether the value of variable "t" is not equal to 0. If the condition is true, it executes the block statement containing multiple statements.
* The first statement in the block statement is a variable declaration statement that declares a variable named "i" and initializes it to 0.
* The second statement in the block statement is an expression statement that creates an object using an object initializer. This object has several properties, including a property named "width" with a value of 10.
* The third statement in the block statement is an expression statement that creates an array using an array literal. This array contains five elements - each one is an object with several properties.
* The fourth statement in the block statement is an if statement that checks whether the length property of object "B" is not equal to undefined (i.e., "B" has a length property). If the condition is true, it executes the block statement containing multiple statements.
* The fifth statement in the block statement is null and can be ignored.
* The sixth statement in the block statement is an expression statement that creates an object using an object initializer. This object has several properties, including a property named "type" with a value of "empty".

In summary, this AST represents part of a function that generates a dungeon layout by creating objects and arrays representing rooms, corridors, and other features of the dungeon. The code initializes variables, creates objects and arrays, and assigns values to properties based on certain conditions.
#+end_src
