
#+begin_src input
{
  "body": [
    null,
    {
      "expression": {
        "arguments": [
          null,
          {
            "body": {
              "body": [
                null,
                null,
                null,
                {
                  "body": {
                    "body": [
                      null,
                      null,
                      null,
                      null,
                      null,
                      null,
                      null,
                      null,
                      null,
                      null,
                      null,
                      null,
                      null,
                      null,
                      {
                        "body": {
                          "init": {
                            "expressions": [
                              {
                                "left": {
                                  "object": {
                                    "type": "MemberExpression"
                                  },
                                  "property": {
                                    "name": "d",
                                    "type": "Identifier"
                                  }
                                }
                              }
                            ]
                          }
                        }
                      }
                    ]
                  }
                }
              ]
            }
          }
        ]
      }
    }
  ]
}

#+end_src
#+begin_src output mixtral
 Result: This code snippet is an abstract syntax tree (AST) generated from a JavaScript source code, most likely by using a tool like Babel. The AST represents the structure of the code in a format that can be easily analyzed or transformed. In this case, it appears to represent a part of a function that creates and initializes a new object with properties.

Here is an explanation of the key concepts and code elements in the AST:

* The top-level node of the AST represents an array (denoted by "[") containing one or more objects, where each object represents a statement or expression in the original code.
* The first element in the array is `null`, which means that the corresponding statement or expression is empty or not present.
* The second element in the array is an object representing a function expression, which contains:
	+ A `body` property that represents a block of statements enclosed in curly braces "{}".
	+ An `expression` property that represents the body of the function. In this case, it appears to be an arrow function with no parameters (denoted by "() =>").
	+ The expression itself is an object with two properties:
		- `arguments`: an array containing two elements. The first element is `null`, which means that there are no arguments for the function. The second element is another object representing the right-hand side of the assignment operator "=".
		- `body`: an object representing a block statement with multiple statements or expressions. Each statement or expression is represented by an object in the `body` array.
	+ Several `null` elements in the `body` array represent empty statements or expressions, which might have been present in the original code but removed during the AST generation process.
	+ The last element in the `body` array is an object representing a property assignment expression, which contains:
		- `body`: an object representing an object initializer with one property named "d". The value of the property is not defined yet and represented by another object with a `body` property.
* The `body` property of the last object contains an array of expressions that represent the initialization of the "d" property. However, this array seems to be empty or incomplete, as all its elements are `null`.

Overall, the AST represents a function expression with an arrow function syntax that creates and initializes a new object with one property named "d". The value of "d" is initialized using an assignment operator but the right-hand side of the operator seems to be missing or incomplete.
#+end_src
