
#+begin_src input
{
  "body": [
    null,
    {
      "expression": {
        "arguments": [
          null,
          {
            "body": {
              "body": [
                null,
                null,
                null,
                null,
                null,
                null,
                {
                  "body": {
                    "body": [
                      null,
                      {
                        "body": {
                          "body": [
                            null,
                            null,
                            {
                              "body": {
                                "expression": {
                                  "expressions": [
                                    null,
                                    null,
                                    {
                                      "left": {
                                        "object": {
                                          "object": {
                                            "type": "MemberExpression"
                                          },
                                          "property": {
                                            "name": "d",
                                            "type": "Identifier"
                                          }
                                        }
                                      }
                                    }
                                  ]
                                }
                              }
                            }
                          ]
                        }
                      }
                    ]
                  }
                }
              ]
            }
          }
        ]
      }
    }
  ]
}

#+end_src
#+begin_src output mixtral
 Result: This code snippet appears to be an abstract syntax tree (AST) generated from a JavaScript source code, likely produced by a static code analysis tool or a parser. The AST represents the hierarchical structure of the code and allows for easy manipulation and traversal of its elements. Here's a high-level explanation:

1. At the root level, there is an object with one key, "body", which has an array as its value. This array contains two elements - null and another object. The null values likely represent empty or missing statements in the original code.
2. The second element of the array (not null) represents a function definition with an expression statement containing several nested expressions.

The nested expressions in the AST can be broken down as follows:

1. `MemberExpression`: This represents accessing a property or method of an object. In this case, it appears to be trying to access a property named "d" on an object. It's hard to determine the actual context without more information about the original code.
2. `Identifier`: These represent variable references in the code. The names "body", "arguments", and "expression" are identifiers that you can find throughout the AST, referring to specific parts of the code structure.

Based on this analysis, it seems like the code represents a function definition with some nested expressions accessing properties or variables. However, without more context about the original source code, it's difficult to provide a more detailed explanation of its purpose and functionality. Key concepts include abstract syntax trees (AST), functions, expression statements, member expressions, and identifiers.
#+end_src
