
#+begin_src input
{
  "body": [
    null,
    {
      "expression": {
        "arguments": [
          null,
          {
            "body": {
              "body": [
                null,
                null,
                null,
                null,
                null,
                null,
                null,
                null,
                null,
                null,
                null,
                null,
                null,
                null,
                null,
                null,
                null,
                null,
                null,
                null,
                null,
                null,
                null,
                null,
                null,
                null,
                null,
                null,
                null,
                null,
                null,
                null,
                null,
                null,
                null,
                null,
                null,
                {
                  "expression": {
                    "left": {
                      "object": {
                        "object": {
                          "type": "MemberExpression"
                        },
                        "property": {
                          "name": "none",
                          "type": "Identifier"
                        }
                      }
                    }
                  }
                }
              ]
            }
          }
        ]
      }
    }
  ]
}

#+end_src
#+begin_src output mixtral
 Result: This code snippet is an Ast (Abstract Syntax Tree) representation of a JavaScript code, generated by some code generator like `acorn` or `babel`. It describes the structure of the code in a tree-like format. Each node in the tree represents a specific element of the code such as expressions, variables, function declarations etc.

In this particular example, the Ast is describing an array with multiple elements (`body`), where most of the elements are set to `null`. However, the last non-null element is another array that contains a single expression node (`expression`). This expression has a left property (`left`) which is an object with a `none` property. The type of this expression is a `MemberExpression`, indicating it's referencing some variable or property in the code.

Key Concepts:

* Ast (Abstract Syntax Tree) - A tree representation of code that describes its structure and elements.
* Array - A data structure for storing multiple values in JavaScript.
* Expression - A part of JavaScript code that represents a value, can be made up of variables, operators, literals etc.
* MemberExpression - A type of expression that references a variable or property in the code.

Based on this Ast, it's difficult to say exactly what the corresponding JavaScript code would look like. However, it seems likely that there is an array containing multiple `null` values and a reference to some object or property named `none`. The specific meaning of this code would depend on its context in the full program.
#+end_src
