
#+begin_src input
{
  "body": [
    null,
    {
      "expression": {
        "arguments": [
          null,
          {
            "body": {
              "body": [
                null,
                null,
                null,
                null,
                null,
                null,
                null,
                null,
                null,
                null,
                null,
                null,
                null,
                null,
                null,
                null,
                null,
                null,
                null,
                null,
                null,
                null,
                null,
                null,
                null,
                null,
                null,
                null,
                null,
                null,
                null,
                null,
                null,
                null,
                null,
                null,
                null,
                null,
                null,
                {
                  "expression": {
                    "left": {
                      "object": {
                        "object": {
                          "type": "MemberExpression"
                        },
                        "property": {
                          "name": "secure",
                          "type": "Identifier"
                        }
                      }
                    }
                  }
                }
              ]
            }
          }
        ]
      }
    }
  ]
}

#+end_src
#+begin_src output mixtral
 Result: This code snippet is an Abstract Syntax Tree (AST) generated from a JavaScript source code, most likely by using a JavaScript parser. The AST represents the hierarchical structure of the code and converts the code into a tree of nodes, where each node represents a construct in the code, such as expressions or statements.

The key concepts in this AST are:

1. **AST**: An Abstract Syntax Tree (AST) is a tree representation of source code that allows for easy traversal and manipulation of the code structure.
2. **Nodes**: Each object in the AST represents a node, where each node corresponds to a construct in the original source code, such as expressions or statements.
3. **Types**: The 'type' property in each node defines the type of the node, such as "MemberExpression" or "Identifier". This helps identify the kind of construct represented by the node.
4. **Expressions**: An expression is a construct that produces a value and includes operations like function calls, object properties, and arithmetic calculations. In this AST, expressions are nested within other expressions.
5. **Members**: The 'property' property in some nodes, such as "MemberExpression", defines the name of a member (property or method) of an object. For example, the expression `foo.bar` would be represented by a "MemberExpression" node with the 'object' property set to `foo` and the 'property' property set to `bar`.

In this specific AST snippet:

* The root node is an array containing multiple elements (nodes). The first element is null, indicating that it has no corresponding code construct.
* The second non-null element in the array represents a function call expression with the name "secure". This function call doesn't have any arguments passed to it, as indicated by the 'arguments' property being set to an empty array.
* The 'secure' function call is nested within another object that appears multiple times in the AST structure, indicating possible repetition of the same code construct.

In summary, this AST snippet represents a function call expression with no arguments passed to it. Specifically, it calls a function named "secure", which may be defined elsewhere in the source code. The repeated appearance of the "secure" function call might suggest that it is part of a loop or repeated structure in the original code.
#+end_src
