
#+begin_src input
{
  "body": [
    null,
    {
      "expression": {
        "arguments": [
          null,
          {
            "body": {
              "body": [
                null,
                null,
                null,
                null,
                null,
                null,
                null,
                null,
                null,
                null,
                null,
                null,
                null,
                null,
                null,
                null,
                null,
                null,
                null,
                null,
                null,
                {
                  "body": {
                    "body": [
                      null,
                      null,
                      {
                        "expression": {
                          "callee": {
                            "type": "MemberExpression"
                          },
                          "type": "CallExpression"
                        },
                        "type": "ExpressionStatement"
                      },
                      {
                        "expression": {
                          "left": {
                            "computed": false,
                            "object": {
                              "name": "dungeonObject",
                              "type": "Identifier"
                            },
                            "property": {
                              "name": "cell",
                              "type": "Identifier"
                            }
                          }
                        }
                      }
                    ]
                  }
                }
              ]
            }
          }
        ]
      }
    }
  ]
}

#+end_src
#+begin_src output mixtral
 Result: This code snippet appears to be an abstract syntax tree (AST) generated from JavaScript source code by a tool such as Babel. An AST is a tree representation of the abstract syntactic structure of source code, where each node of the tree denotes a construct occurring in the source code.

The key concepts in this AST are:

* **Object**: The entire AST is an object with a single property called `body`, which contains an array of expressions and statements.
* **Expressions and Statements**: An expression represents a computation that results in a value, while a statement represents an action to be performed. In this AST, there are several types of expressions and statements, including `ExpressionStatement`, `CallExpression`, `MemberExpression`, and others.
* **Null Values**: Many nodes in the AST contain null values. These are placeholders that will be replaced with actual code during the code generation process.
* **Variables and Object Properties**: The AST contains references to variables and object properties, such as `dungeonObject` and `cell`. These refer to objects or values defined elsewhere in the code.
* **Call Expression**: This represents a function call in JavaScript. The `callee` property specifies the function being called, while the arguments list specifies any arguments passed to the function. In this AST, there is one `CallExpression` node that calls a function on an object property.

Without more context about the surrounding code, it's difficult to provide a precise interpretation of this AST. However, based on the structure and contents of the tree, it appears to define an object with several properties or methods that perform some kind of computation related to a `dungeonObject` and its `cell` property. The final expression in the AST calls a function on the `cell` property using the `CallExpression` node.
#+end_src
