
#+begin_src input
{
  "body": [
    null,
    {
      "expression": {
        "arguments": [
          null,
          {
            "body": {
              "body": [
                null,
                null,
                {
                  "body": {
                    "body": [
                      {
                        "body": [
                          null,
                          null,
                          {
                            "body": [
                              null,
                              null,
                              null,
                              {
                                "test": {
                                  "right": {
                                    "type": "MemberExpression"
                                  },
                                  "type": "BinaryExpression"
                                },
                                "type": "ForStatement",
                                "update": {
                                  "argument": {
                                    "name": "roomIdIterator",
                                    "type": "Identifier"
                                  },
                                  "operator": "++",
                                  "prefix": false,
                                  "type": "UpdateExpression"
                                }
                              }
                            ],
                            "type": "BlockStatement"
                          },
                          {
                            "body": [
                              {
                                "declarations": [
                                  {
                                    "id": {
                                      "name": "h",
                                      "type": "Identifier"
                                    },
                                    "init": {
                                      "name": "currentDungeonConfig",
                                      "type": "Identifier"
                                    },
                                    "type": "VariableDeclarator"
                                  }
                                ],
                                "kind": "var",
                                "type": "VariableDeclaration"
                              },
                              {
                                "declarations": [
                                  {
                                    "id": {
                                      "name": "roomIdIterator",
                                      "type": "Identifier"
                                    },
                                    "init": null,
                                    "type": "VariableDeclarator"
                                  }
                                ],
                                "kind": "let",
                                "type": "VariableDeclaration"
                              },
                              {
                                "body": {
                                  "body": [
                                    {
                                      "declarations": [
                                        {
                                          "id": {
                                            "name": "l",
                                            "type": "Identifier"
                                          },
                                          "init": {
                                            "computed": true,
                                            "object": {
                                              "computed": false,
                                              "object": {
                                                "name": "h",
                                                "type": "Identifier"
                                              },
                                              "property": {
                                                "name": "room",
                                                "type": "Identifier"
                                              }
                                            }
                                          }
                                        }
                                      ]
                                    }
                                  ]
                                }
                              }
                            ]
                          }
                        ]
                      }
                    ]
                  }
                }
              ]
            }
          }
        ]
      }
    }
  ]
}

#+end_src
#+begin_src output mixtral
 Result: This code snippet is an abstract syntax tree (AST) generated from JavaScript source code. It represents the structure of a function or a piece of code in a hierarchical form, where each node represents a part of the code such as expressions, statements, variables, etc. Here's an explanation of this AST:

1. The root node is an object with a "body" property which contains an array of nodes.
	* The first element in the array is null and can be ignored.
	* The second element represents an expression statement that creates a for loop.
2. Expression Statement:
	* Argument 1: null
	* Argument 2 (the body of the for loop):
		+ A block statement containing multiple statements.
		+ The first two elements are null and can be ignored.
		+ The third element is a for loop.
3. For Loop:
	* Initialization: Null
	* Condition: BinaryExpression that checks if roomIdIterator is less than some value (not specified in the AST).
	* Update Expression: Postfix increment of roomIdIterator.
	* Body: A block statement containing multiple statements, including a variable declaration for "h" initialized with currentDungeonConfig and another variable declaration for "roomIdIterator". The body also includes a declaration of a variable "l" initialized as a property of the "h" object.
4. Here's an approximation of what the original JavaScript code might look like based on this AST:

```javascript
for (; roomIdIterator < someValue; roomIdIterator++) {
  let h = currentDungeonConfig;
  for (;;) {
    let l = h.room[roomIdIterator];
  }
}
```

Key Concepts:

* AST - Abstract Syntax Tree
* Expressions
	+ BinaryExpression
	+ MemberExpression
	+ UpdateExpression
* Statements
	+ ForStatement
	+ BlockStatement
	+ VariableDeclaration
	+ ExpressionStatement
* Identifiers
	+ h, roomIdIterator, currentDungeonConfig, l, someValue
#+end_src
